<?xml version="1.0" encoding="UTF-8"?>
<!-- Generated by org.testng.reporters.JUnitReportReporter -->
<testsuite skipped="0" hostname="sairam-PC" name="com.Demo.TestScript.FbLogin" tests="2" failures="0" timestamp="10 Sep 2020 09:08:13 GMT" time="0.030" errors="0">
  <testcase name="verifyTitle" time="0.021" classname="com.Demo.TestScript.FbLogin"/>
  <testcase name="verifyUrl" time="0.009" classname="com.Demo.TestScript.FbLogin"/>
</testsuite> <!-- com.Demo.TestScript.FbLogin -->
