<?xml version="1.0" encoding="UTF-8"?>
<!-- Generated by org.testng.reporters.JUnitReportReporter -->
<testsuite skipped="0" hostname="sairam-PC" name="com.Demo.TestScript.FbLogin" tests="2" failures="0" timestamp="2020-09-10T15:01:30 IST" time="0.118" errors="0">
  <testcase name="verifyUrl" time="0.006" classname="com.Demo.TestScript.FbLogin"/>
  <system-out/>
  <testcase name="verifyTitle" time="0.112" classname="com.Demo.TestScript.FbLogin"/>
  <system-out/>
</testsuite> <!-- com.Demo.TestScript.FbLogin -->
